<?xml version="1.0" encoding="UTF-8"?>
<!-- Generated by org.testng.reporters.JUnitXMLReporter -->
<testsuite ignored="0" hostname="DESKTOP-RASSAD3" failures="0" tests="4" name="Test" time="0.116" errors="0" timestamp="2022-06-27T07:39:55 IST">
  <testcase classname="qaclickacademy.Mavenjava.RestTest" name="Assured" time="0.008"/>
  <testcase classname="qaclickacademy.Mavenjava.RestTest" name="Xpath" time="0.0"/>
  <testcase classname="qaclickacademy.Mavenjava.AppiumTest" name="Ios" time="0.0"/>
  <testcase classname="qaclickacademy.Mavenjava.AppiumTest" name="Mobile" time="0.0"/>
</testsuite> <!-- Test -->
