<?xml version="1.0" encoding="UTF-8"?>
<testng-results ignored="0" total="4" passed="4" failed="0" skipped="0">
  <reporter-output>
  </reporter-output>
  <suite started-at="2022-06-27T07:39:54 IST" name="Suite" finished-at="2022-06-27T07:39:55 IST" duration-ms="116">
    <groups>
    </groups>
    <test started-at="2022-06-27T07:39:54 IST" name="Test" finished-at="2022-06-27T07:39:55 IST" duration-ms="116">
      <class name="qaclickacademy.Mavenjava.AppiumTest">
        <test-method signature="Ios()[pri:0, instance:qaclickacademy.Mavenjava.AppiumTest@27f981c6]" started-at="2022-06-27T07:39:55 IST" name="Ios" finished-at="2022-06-27T07:39:55 IST" duration-ms="0" status="PASS">
          <reporter-output>
          </reporter-output>
        </test-method> <!-- Ios -->
        <test-method signature="Mobile()[pri:0, instance:qaclickacademy.Mavenjava.AppiumTest@27f981c6]" started-at="2022-06-27T07:39:55 IST" name="Mobile" finished-at="2022-06-27T07:39:55 IST" duration-ms="0" status="PASS">
          <reporter-output>
          </reporter-output>
        </test-method> <!-- Mobile -->
      </class> <!-- qaclickacademy.Mavenjava.AppiumTest -->
      <class name="qaclickacademy.Mavenjava.RestTest">
        <test-method signature="Assured()[pri:0, instance:qaclickacademy.Mavenjava.RestTest@23c30a20]" started-at="2022-06-27T07:39:54 IST" name="Assured" finished-at="2022-06-27T07:39:54 IST" duration-ms="8" status="PASS">
          <reporter-output>
          </reporter-output>
        </test-method> <!-- Assured -->
        <test-method signature="Xpath()[pri:0, instance:qaclickacademy.Mavenjava.RestTest@23c30a20]" started-at="2022-06-27T07:39:55 IST" name="Xpath" finished-at="2022-06-27T07:39:55 IST" duration-ms="0" status="PASS">
          <reporter-output>
          </reporter-output>
        </test-method> <!-- Xpath -->
      </class> <!-- qaclickacademy.Mavenjava.RestTest -->
    </test> <!-- Test -->
  </suite> <!-- Suite -->
</testng-results>
