<?xml version="1.0" encoding="UTF-8"?>
<testng-results ignored="0" total="2" passed="2" failed="0" skipped="0">
  <reporter-output>
  </reporter-output>
  <suite started-at="2022-06-27T15:06:30 IST" name="Default suite" finished-at="2022-06-27T15:06:31 IST" duration-ms="84">
    <groups>
    </groups>
    <test started-at="2022-06-27T15:06:30 IST" name="Default test" finished-at="2022-06-27T15:06:31 IST" duration-ms="84">
      <class name="qaclickacademy.Mavenjava.SeleniumTest">
        <test-method signature="Locators()[pri:0, instance:qaclickacademy.Mavenjava.SeleniumTest@3ee37e5a]" started-at="2022-06-27T15:06:30 IST" name="Locators" finished-at="2022-06-27T15:06:31 IST" duration-ms="13" status="PASS">
          <reporter-output>
          </reporter-output>
        </test-method> <!-- Locators -->
        <test-method signature="Xpath()[pri:0, instance:qaclickacademy.Mavenjava.SeleniumTest@3ee37e5a]" started-at="2022-06-27T15:06:31 IST" name="Xpath" finished-at="2022-06-27T15:06:31 IST" duration-ms="2" status="PASS">
          <reporter-output>
          </reporter-output>
        </test-method> <!-- Xpath -->
      </class> <!-- qaclickacademy.Mavenjava.SeleniumTest -->
    </test> <!-- Default test -->
  </suite> <!-- Default suite -->
</testng-results>
